Build started 1/10/2017 5:57:18 PM.
     1>Project "C:\Users\krdou_000\Dropbox\2016_Spring_Classes\6400 Graphics\Assignments\Assignment 6\ConsoleApplication3\ConsoleApplication3\ConsoleApplication3\ConsoleApplication3.vcxproj" on node 2 (Build target(s)).
     1>ClCompile:
         C:\Program Files (x86)\Microsoft Visual Studio 14.0\VC\bin\CL.exe /c /ZI /nologo /W3 /WX- /sdl /Od /Oy- /D WIN32 /D _DEBUG /D _CONSOLE /D _UNICODE /D UNICODE /Gm /EHsc /RTC1 /MDd /GS /fp:precise /Zc:wchar_t /Zc:forScope /Zc:inline /Yc"stdafx.h" /Fp"Debug\ConsoleApplication3.pch" /Fo"Debug\\" /Fd"Debug\vc140.pdb" /Gd /TP /analyze- /errorReport:prompt stdafx.cpp
         stdafx.cpp
         C:\Program Files (x86)\Microsoft Visual Studio 14.0\VC\bin\CL.exe /c /ZI /nologo /W3 /WX- /sdl /Od /Oy- /D WIN32 /D _DEBUG /D _CONSOLE /D _UNICODE /D UNICODE /Gm /EHsc /RTC1 /MDd /GS /fp:precise /Zc:wchar_t /Zc:forScope /Zc:inline /Fo"Debug\\" /Fd"Debug\vc140.pdb" /Gd /TP /analyze- /errorReport:prompt ConsoleApplication3.cpp
         ConsoleApplication3.cpp
     1>c:\users\krdou_000\dropbox\2016_spring_classes\6400 graphics\assignments\assignment 6\consoleapplication3\consoleapplication3\consoleapplication3\consoleapplication3.cpp(88): warning C4838: conversion from 'double' to 'GLfloat' requires a narrowing conversion
     1>c:\users\krdou_000\dropbox\2016_spring_classes\6400 graphics\assignments\assignment 6\consoleapplication3\consoleapplication3\consoleapplication3\consoleapplication3.cpp(109): warning C4838: conversion from 'double' to 'GLfloat' requires a narrowing conversion
     1>c:\users\krdou_000\dropbox\2016_spring_classes\6400 graphics\assignments\assignment 6\consoleapplication3\consoleapplication3\consoleapplication3\consoleapplication3.cpp(151): warning C4800: 'GLboolean': forcing value to bool 'true' or 'false' (performance warning)
     1>c:\users\krdou_000\dropbox\2016_spring_classes\6400 graphics\assignments\assignment 6\consoleapplication3\consoleapplication3\consoleapplication3\consoleapplication3.cpp(158): warning C4800: 'GLboolean': forcing value to bool 'true' or 'false' (performance warning)
     1>c:\users\krdou_000\dropbox\2016_spring_classes\6400 graphics\assignments\assignment 6\consoleapplication3\consoleapplication3\consoleapplication3\consoleapplication3.cpp(171): warning C4800: 'GLboolean': forcing value to bool 'true' or 'false' (performance warning)
     1>c:\users\krdou_000\dropbox\2016_spring_classes\6400 graphics\assignments\assignment 6\consoleapplication3\consoleapplication3\consoleapplication3\consoleapplication3.cpp(178): warning C4800: 'GLboolean': forcing value to bool 'true' or 'false' (performance warning)
       Link:
         C:\Program Files (x86)\Microsoft Visual Studio 14.0\VC\bin\link.exe /ERRORREPORT:PROMPT /OUT:"C:\Users\krdou_000\Dropbox\2016_Spring_Classes\6400 Graphics\Assignments\Assignment 6\ConsoleApplication3\ConsoleApplication3\Debug\ConsoleApplication3.exe" /INCREMENTAL /NOLOGO kernel32.lib user32.lib gdi32.lib winspool.lib comdlg32.lib advapi32.lib shell32.lib ole32.lib oleaut32.lib uuid.lib odbc32.lib odbccp32.lib opengl32.lib glut32.lib glu32.lib kernel32.lib user32.lib gdi32.lib winspool.lib comdlg32.lib advapi32.lib shell32.lib ole32.lib oleaut32.lib uuid.lib odbc32.lib odbccp32.lib /MANIFEST /MANIFESTUAC:"level='asInvoker' uiAccess='false'" /manifest:embed /Debug /PDB:"C:\Users\krdou_000\Dropbox\2016_Spring_Classes\6400 Graphics\Assignments\Assignment 6\ConsoleApplication3\ConsoleApplication3\Debug\ConsoleApplication3.pdb" /SUBSYSTEM:CONSOLE /TLBID:1 /DYNAMICBASE /NXCOMPAT /IMPLIB:"C:\Users\krdou_000\Dropbox\2016_Spring_Classes\6400 Graphics\Assignments\Assignment 6\ConsoleApplication3\ConsoleApplication3\Debug\ConsoleApplication3.lib" /MACHINE:X86 Debug\ConsoleApplication3.obj
         Debug\stdafx.obj
         ConsoleApplication3.vcxproj -> C:\Users\krdou_000\Dropbox\2016_Spring_Classes\6400 Graphics\Assignments\Assignment 6\ConsoleApplication3\ConsoleApplication3\Debug\ConsoleApplication3.exe
     1>Done Building Project "C:\Users\krdou_000\Dropbox\2016_Spring_Classes\6400 Graphics\Assignments\Assignment 6\ConsoleApplication3\ConsoleApplication3\ConsoleApplication3\ConsoleApplication3.vcxproj" (Build target(s)).

Build succeeded.

Time Elapsed 00:00:10.47
